{"logTime": "1121/041952", "correlationVector":"jWPoYtjru2lAQEdGemTGYm.1","action":"SyncServerConnectionManagerRequest", "result":"SYNC_SERVER_OK", "context":{"environment":"Prod_WestEurope_000l", "migrationStage":"NotStarted", "server":"GENERAL0100001M"}}
{"logTime": "1121/041953", "correlationVector":"nGzSJhKZGtyT4WMfud9Cpn","action":"SyncServerConnectionManagerRequest", "result":"SYNC_SERVER_OK", "context":{"environment":"", "migrationStage":"", "server":""}}
{"logTime": "1121/041953", "correlationVector":"jWPoYtjru2lAQEdGemTGYm","action":"Initial GetUpdates", "result":"", "context":Reason: NEW_CLIENT. cV=jWPoYtjru2lAQEdGemTGYm}
{"logTime": "1121/041953", "correlationVector":"jWPoYtjru2lAQEdGemTGYm.2","action":"GetUpdates Response", "result":"Success", "context":Received 2 update(s). cV=jWPoYtjru2lAQEdGemTGYm.0;server=GENERAL0100001M;cloudType=Consumer;environment=Prod_WestEurope_000l;migrationStage=NotStarted}
{"logTime": "1121/041953", "correlationVector":"3kzSqw6p96vifWo6HoouAl","action":"Initial GetUpdates", "result":"", "context":Reason: NEW_CLIENT. cV=3kzSqw6p96vifWo6HoouAl}
{"logTime": "1121/041953", "correlationVector":"3kzSqw6p96vifWo6HoouAl.1","action":"SyncServerConnectionManagerRequest", "result":"SYNC_SERVER_OK", "context":{"environment":"Prod_WestEurope_000l", "migrationStage":"NotStarted", "server":"GENERAL0100001I"}}
{"logTime": "1121/041953", "correlationVector":"3kzSqw6p96vifWo6HoouAl.2","action":"GetUpdates Response", "result":"Success", "context":Received 39 update(s). cV=3kzSqw6p96vifWo6HoouAl.0;server=GENERAL0100001I;cloudType=Consumer;environment=Prod_WestEurope_000l;migrationStage=NotStarted}
{"logTime": "1121/041953", "correlationVector":"KbgJkK9ddeFa37LmzX/8SV","action":"Initial GetUpdates", "result":"", "context":Reason: NEW_CLIENT. cV=KbgJkK9ddeFa37LmzX/8SV}
{"logTime": "1121/041954", "correlationVector":"KbgJkK9ddeFa37LmzX/8SV.1","action":"SyncServerConnectionManagerRequest", "result":"SYNC_SERVER_OK", "context":{"environment":"Prod_WestEurope_000l", "migrationStage":"NotStarted", "server":"GENERAL0100000R"}}
{"logTime": "1121/041954", "correlationVector":"KbgJkK9ddeFa37LmzX/8SV.2","action":"GetUpdates Response", "result":"Success", "context":Received 5 update(s). cV=KbgJkK9ddeFa37LmzX/8SV.0;server=GENERAL0100000R;cloudType=Consumer;environment=Prod_WestEurope_000l;migrationStage=NotStarted}
{"logTime": "1121/041954", "correlationVector":"mitrBFGbi9MJAs3hA1glcW","action":"Initial GetUpdates", "result":"", "context":Reason: NEW_CLIENT. cV=mitrBFGbi9MJAs3hA1glcW}
{"logTime": "1121/041954", "correlationVector":"mitrBFGbi9MJAs3hA1glcW.1","action":"SyncServerConnectionManagerRequest", "result":"SYNC_SERVER_OK", "context":{"environment":"Prod_WestEurope_000l", "migrationStage":"NotStarted", "server":"general0100000H"}}
{"logTime": "1121/041954", "correlationVector":"mitrBFGbi9MJAs3hA1glcW.2","action":"GetUpdates Response", "result":"Success", "context":Received 17 update(s). cV=mitrBFGbi9MJAs3hA1glcW.0;server=general0100000H;cloudType=Consumer;environment=Prod_WestEurope_000l;migrationStage=NotStarted}
{"logTime": "1121/041954", "correlationVector":"HjhHZh2npca5J9Vh/S8U87","action":"Normal GetUpdate request", "result":"", "context":cV=HjhHZh2npca5J9Vh/S8U87
Nudged types: Sessions, Device Info, User Consents, Encryption Keys
Refresh requested types: Bookmarks, Preferences, Passwords, Autofill Profiles, Autofill, Typed URLs, Extensions, Sessions, Extension settings, History Delete Directives, Device Info, User Consents, Send Tab To Self, Web Apps, Collection, Edge E Drop, Edge Hub App Usage, Edge Tab Group, Edge Wallet, Encryption Keys}
{"logTime": "1121/041955", "correlationVector":"HjhHZh2npca5J9Vh/S8U87.1","action":"SyncServerConnectionManagerRequest", "result":"SYNC_SERVER_OK", "context":{"environment":"Prod_WestEurope_000l", "migrationStage":"NotStarted", "server":"GENERAL0100000T"}}
{"logTime": "1121/041955", "correlationVector":"HjhHZh2npca5J9Vh/S8U87.2","action":"GetUpdates Response", "result":"Success", "context":Received 0 update(s). cV=HjhHZh2npca5J9Vh/S8U87.0;server=GENERAL0100000T;cloudType=Consumer;environment=Prod_WestEurope_000l;migrationStage=NotStarted}
{"logTime": "1121/041955", "correlationVector":"NOEYnRuJnfkkAHj3Wqfuaw","action":"Commit Request", "result":"", "context":Item count: 1
Contributing types: Encryption Keys}
{"logTime": "1121/041955", "correlationVector":"NOEYnRuJnfkkAHj3Wqfuaw.1","action":"SyncServerConnectionManagerRequest", "result":"SYNC_SERVER_OK", "context":{"environment":"Prod_WestEurope_000l", "migrationStage":"NotStarted", "server":"GENERAL0100000J"}}
{"logTime": "1121/041955", "correlationVector":"NOEYnRuJnfkkAHj3Wqfuaw.2","action":"Commit Response", "result":"Success", "context":Result: Success. cV=NOEYnRuJnfkkAHj3Wqfuaw.0;server=GENERAL0100000J;cloudType=Consumer;environment=Prod_WestEurope_000l;migrationStage=NotStarted}
{"logTime": "1121/041955", "correlationVector":"qonFjcQE7Zcxx7gG+Rtokk","action":"Commit Request", "result":"", "context":Item count: 5
Contributing types: Sessions, Device Info, User Consents}
{"logTime": "1121/041956", "correlationVector":"qonFjcQE7Zcxx7gG+Rtokk.1","action":"SyncServerConnectionManagerRequest", "result":"SYNC_SERVER_OK", "context":{"environment":"Prod_WestEurope_000l", "migrationStage":"NotStarted", "server":"GENERAL0100001J"}}
{"logTime": "1121/041956", "correlationVector":"qonFjcQE7Zcxx7gG+Rtokk.2","action":"Commit Response", "result":"Success", "context":Result: Success. cV=qonFjcQE7Zcxx7gG+Rtokk.0;server=GENERAL0100001J;cloudType=Consumer;environment=Prod_WestEurope_000l;migrationStage=NotStarted}
{"logTime": "1121/041956", "correlationVector":"2RF5nAvFpkz1PowjjsP8gy","action":"Commit Request", "result":"", "context":Item count: 1
Contributing types: Sessions}
{"logTime": "1121/041956", "correlationVector":"2RF5nAvFpkz1PowjjsP8gy.1","action":"SyncServerConnectionManagerRequest", "result":"SYNC_SERVER_OK", "context":{"environment":"Prod_WestEurope_000l", "migrationStage":"NotStarted", "server":"GENERAL0100000N"}}
{"logTime": "1121/041956", "correlationVector":"2RF5nAvFpkz1PowjjsP8gy.2","action":"Commit Response", "result":"Success", "context":Result: Success. cV=2RF5nAvFpkz1PowjjsP8gy.0;server=GENERAL0100000N;cloudType=Consumer;environment=Prod_WestEurope_000l;migrationStage=NotStarted}
{"logTime": "1121/042026", "correlationVector":"VmPmrOeOyZ4KHz7Ul2XwuI","action":"Commit Request", "result":"", "context":Item count: 1
Contributing types: Sessions}
{"logTime": "1121/042026", "correlationVector":"VmPmrOeOyZ4KHz7Ul2XwuI.1","action":"SyncServerConnectionManagerRequest", "result":"SYNC_SERVER_OK", "context":{"environment":"Prod_WestEurope_000l", "migrationStage":"NotStarted", "server":"GENERAL01000002"}}
{"logTime": "1121/042026", "correlationVector":"VmPmrOeOyZ4KHz7Ul2XwuI.2","action":"Commit Response", "result":"Success", "context":Result: Success. cV=VmPmrOeOyZ4KHz7Ul2XwuI.0;server=GENERAL01000002;cloudType=Consumer;environment=Prod_WestEurope_000l;migrationStage=NotStarted}
